<?xml version="1.0" encoding="UTF-8"?>
<!-- Generated by org.testng.reporters.JUnitXMLReporter -->
<testsuite ignored="0" hostname="ITSG002722-MAC" failures="0" tests="3" name="Default test" time="30.242" errors="0" timestamp="2021-09-03T14:03:38 IST">
  <testcase classname="N26.monefy.TestMonefyApp" name="addNewIncome" time="8.401"/>
  <testcase classname="N26.monefy.TestMonefyApp" name="addNewExpense1" time="5.821"/>
  <testcase classname="N26.monefy.TestMonefyApp" name="validateBalance" time="7.474"/>
</testsuite> <!-- Default test -->
