<?xml version="1.0" encoding="UTF-8"?>
<!-- Generated by org.testng.reporters.JUnitXMLReporter -->
<testsuite ignored="0" hostname="ITSG002722-MAC" failures="0" tests="5" name="Monefy App Testing Run 1" time="41.174" errors="0" timestamp="2021-09-04T12:00:05 IST">
  <testcase classname="test.monefy.TestMonefyApp" name="addNewIncome" time="10.478"/>
  <testcase classname="test.monefy.TestMonefyApp" name="addNewExpenseFromHomeScreen" time="5.619"/>
  <testcase classname="test.monefy.TestMonefyApp" name="addNewExpenseFromExpenseButton" time="10.067"/>
  <testcase classname="test.monefy.TestMonefyApp" name="validateBalanceCalculation" time="6.54"/>
  <testcase classname="test.monefy.TestMonefyApp" name="validateIncomeAndExpenseHomeScreen" time="0.221"/>
</testsuite> <!-- Monefy App Testing Run 1 -->
