<?xml version="1.0" encoding="UTF-8"?>
<!-- Generated by org.testng.reporters.JUnitXMLReporter -->
<testsuite ignored="0" hostname="ITSG002722-MAC" failures="0" tests="5" name="Monefy App Testing Run 2" time="39.856" errors="0" timestamp="2021-09-04T12:00:45 IST">
  <testcase classname="test.monefy.TestMonefyApp" name="addNewIncome" time="10.18"/>
  <testcase classname="test.monefy.TestMonefyApp" name="addNewExpenseFromHomeScreen" time="5.494"/>
  <testcase classname="test.monefy.TestMonefyApp" name="addNewExpenseFromExpenseButton" time="10.182"/>
  <testcase classname="test.monefy.TestMonefyApp" name="validateBalanceCalculation" time="5.972"/>
  <testcase classname="test.monefy.TestMonefyApp" name="validateIncomeAndExpenseHomeScreen" time="0.186"/>
</testsuite> <!-- Monefy App Testing Run 2 -->
