<?xml version="1.0" encoding="UTF-8"?>
<!-- Generated by org.testng.reporters.JUnitXMLReporter -->
<testsuite ignored="0" hostname="ITSG002722-MAC" failures="0" tests="5" name="Monefy App Testing Run 2" time="38.425" errors="0" timestamp="2021-09-03T19:32:09 IST">
  <testcase classname="test.monefy.TestMonefyApp" name="addNewIncome" time="9.671"/>
  <testcase classname="test.monefy.TestMonefyApp" name="addNewExpenseFromHomeScreen" time="5.24"/>
  <testcase classname="test.monefy.TestMonefyApp" name="addNewExpenseFromExpenseButton" time="9.684"/>
  <testcase classname="test.monefy.TestMonefyApp" name="validateBalanceCalculation" time="5.956"/>
  <testcase classname="test.monefy.TestMonefyApp" name="validateIncomeAndExpenseHomeScreen" time="0.174"/>
</testsuite> <!-- Monefy App Testing Run 2 -->
