<?xml version="1.0" encoding="UTF-8"?>
<!-- Generated by org.testng.reporters.JUnitXMLReporter -->
<testsuite ignored="0" hostname="ITSG002722-MAC" failures="0" tests="5" name="Monefy App Testing Set1" time="39.195" errors="0" timestamp="2021-09-03T19:26:32 IST">
  <testcase classname="N26.monefy.TestMonefyApp" name="addNewIncome" time="10.441"/>
  <testcase classname="N26.monefy.TestMonefyApp" name="addNewExpenseFromHomeScreen" time="5.301"/>
  <testcase classname="N26.monefy.TestMonefyApp" name="addNewExpenseFromExpenseButton" time="9.631"/>
  <testcase classname="N26.monefy.TestMonefyApp" name="validateBalanceCalculation" time="5.884"/>
  <testcase classname="N26.monefy.TestMonefyApp" name="validateIncomeAndExpenseHomeScreen" time="0.146"/>
</testsuite> <!-- Monefy App Testing Set1 -->
