<?xml version="1.0" encoding="UTF-8"?>
<!-- Generated by org.testng.reporters.JUnitXMLReporter -->
<testsuite ignored="0" hostname="ITSG002722-MAC" failures="0" tests="5" name="Monefy App Testing Set2" time="38.984" errors="0" timestamp="2021-09-03T19:27:11 IST">
  <testcase classname="N26.monefy.TestMonefyApp" name="addNewIncome" time="9.78"/>
  <testcase classname="N26.monefy.TestMonefyApp" name="addNewExpenseFromHomeScreen" time="5.11"/>
  <testcase classname="N26.monefy.TestMonefyApp" name="addNewExpenseFromExpenseButton" time="10.197"/>
  <testcase classname="N26.monefy.TestMonefyApp" name="validateBalanceCalculation" time="6.103"/>
  <testcase classname="N26.monefy.TestMonefyApp" name="validateIncomeAndExpenseHomeScreen" time="0.181"/>
</testsuite> <!-- Monefy App Testing Set2 -->
