<?xml version="1.0" encoding="UTF-8"?>
<!-- Generated by org.testng.reporters.JUnitXMLReporter -->
<testsuite ignored="0" hostname="ITSG002722-MAC" failures="0" tests="5" name="Monefy App Testing" time="39.222" errors="0" timestamp="2021-09-03T19:12:37 IST">
  <testcase classname="N26.monefy.TestMonefyApp" name="addNewIncome" time="10.269"/>
  <testcase classname="N26.monefy.TestMonefyApp" name="addNewExpenseFromHomeScreen" time="5.355"/>
  <testcase classname="N26.monefy.TestMonefyApp" name="addNewExpenseFromExpenseButton" time="9.753"/>
  <testcase classname="N26.monefy.TestMonefyApp" name="validateBalanceCalculation" time="5.981"/>
  <testcase classname="N26.monefy.TestMonefyApp" name="validateIncomeAndExpenseHomeScreen" time="0.152"/>
</testsuite> <!-- Monefy App Testing -->
