<?xml version="1.0" encoding="UTF-8"?>
<testng-results ignored="0" total="10" passed="10" failed="0" skipped="0">
  <reporter-output>
  </reporter-output>
  <suite started-at="2021-09-04T11:59:23 IST" name="Monefy App Test Suite" finished-at="2021-09-04T12:00:45 IST" duration-ms="81071">
    <groups>
    </groups>
    <test started-at="2021-09-04T11:59:23 IST" name="Monefy App Testing Run 1" finished-at="2021-09-04T12:00:05 IST" duration-ms="41174">
      <class name="test.monefy.TestMonefyApp">
        <test-method is-config="true" signature="setUp()[pri:0, instance:test.monefy.TestMonefyApp@1f97cf0d]" started-at="2021-09-04T11:59:23 IST" name="setUp" finished-at="2021-09-04T11:59:31 IST" duration-ms="7605" status="PASS">
          <reporter-output>
          </reporter-output>
        </test-method> <!-- setUp -->
        <test-method signature="addNewIncome(java.lang.String, java.lang.String)[pri:0, instance:test.monefy.TestMonefyApp@1f97cf0d]" started-at="2021-09-04T11:59:31 IST" name="addNewIncome" finished-at="2021-09-04T11:59:42 IST" duration-ms="10478" status="PASS">
          <params>
            <param index="0">
              <value>
                <![CDATA[150.50]]>
              </value>
            </param>
            <param index="1">
              <value>
                <![CDATA[savings]]>
              </value>
            </param>
          </params>
          <reporter-output>
          </reporter-output>
        </test-method> <!-- addNewIncome -->
        <test-method signature="addNewExpenseFromHomeScreen(java.lang.String, java.lang.String)[pri:1, instance:test.monefy.TestMonefyApp@1f97cf0d]" started-at="2021-09-04T11:59:42 IST" name="addNewExpenseFromHomeScreen" finished-at="2021-09-04T11:59:47 IST" duration-ms="5619" status="PASS">
          <params>
            <param index="0">
              <value>
                <![CDATA[65.25]]>
              </value>
            </param>
            <param index="1">
              <value>
                <![CDATA[taxi]]>
              </value>
            </param>
          </params>
          <reporter-output>
          </reporter-output>
        </test-method> <!-- addNewExpenseFromHomeScreen -->
        <test-method signature="addNewExpenseFromExpenseButton(java.lang.String, java.lang.String)[pri:2, instance:test.monefy.TestMonefyApp@1f97cf0d]" started-at="2021-09-04T11:59:47 IST" name="addNewExpenseFromExpenseButton" finished-at="2021-09-04T11:59:57 IST" duration-ms="10067" status="PASS">
          <params>
            <param index="0">
              <value>
                <![CDATA[15.15]]>
              </value>
            </param>
            <param index="1">
              <value>
                <![CDATA[pets]]>
              </value>
            </param>
          </params>
          <reporter-output>
          </reporter-output>
        </test-method> <!-- addNewExpenseFromExpenseButton -->
        <test-method signature="validateBalanceCalculation()[pri:3, instance:test.monefy.TestMonefyApp@1f97cf0d]" started-at="2021-09-04T11:59:57 IST" name="validateBalanceCalculation" finished-at="2021-09-04T12:00:04 IST" duration-ms="6540" status="PASS">
          <reporter-output>
          </reporter-output>
        </test-method> <!-- validateBalanceCalculation -->
        <test-method signature="validateIncomeAndExpenseHomeScreen(java.lang.String, java.lang.String, java.lang.String)[pri:4, instance:test.monefy.TestMonefyApp@1f97cf0d]" started-at="2021-09-04T12:00:04 IST" name="validateIncomeAndExpenseHomeScreen" finished-at="2021-09-04T12:00:04 IST" duration-ms="221" status="PASS">
          <params>
            <param index="0">
              <value>
                <![CDATA[150.50]]>
              </value>
            </param>
            <param index="1">
              <value>
                <![CDATA[65.25]]>
              </value>
            </param>
            <param index="2">
              <value>
                <![CDATA[15.15]]>
              </value>
            </param>
          </params>
          <reporter-output>
          </reporter-output>
        </test-method> <!-- validateIncomeAndExpenseHomeScreen -->
        <test-method is-config="true" signature="tearDown()[pri:0, instance:test.monefy.TestMonefyApp@1f97cf0d]" started-at="2021-09-04T12:00:04 IST" name="tearDown" finished-at="2021-09-04T12:00:05 IST" duration-ms="606" status="PASS">
          <reporter-output>
          </reporter-output>
        </test-method> <!-- tearDown -->
      </class> <!-- test.monefy.TestMonefyApp -->
    </test> <!-- Monefy App Testing Run 1 -->
    <test started-at="2021-09-04T12:00:05 IST" name="Monefy App Testing Run 2" finished-at="2021-09-04T12:00:45 IST" duration-ms="39856">
      <class name="test.monefy.TestMonefyApp">
        <test-method is-config="true" signature="globalSetup()[pri:0, instance:test.monefy.TestMonefyApp@272ed83b]" started-at="2021-09-04T11:59:23 IST" name="globalSetup" finished-at="2021-09-04T11:59:23 IST" duration-ms="48" status="PASS">
          <reporter-output>
          </reporter-output>
        </test-method> <!-- globalSetup -->
        <test-method is-config="true" signature="setUp()[pri:0, instance:test.monefy.TestMonefyApp@272ed83b]" started-at="2021-09-04T12:00:05 IST" name="setUp" finished-at="2021-09-04T12:00:12 IST" duration-ms="7318" status="PASS">
          <reporter-output>
          </reporter-output>
        </test-method> <!-- setUp -->
        <test-method signature="addNewIncome(java.lang.String, java.lang.String)[pri:0, instance:test.monefy.TestMonefyApp@272ed83b]" started-at="2021-09-04T12:00:12 IST" name="addNewIncome" finished-at="2021-09-04T12:00:22 IST" duration-ms="10180" status="PASS">
          <params>
            <param index="0">
              <value>
                <![CDATA[75.50]]>
              </value>
            </param>
            <param index="1">
              <value>
                <![CDATA[deposits]]>
              </value>
            </param>
          </params>
          <reporter-output>
          </reporter-output>
        </test-method> <!-- addNewIncome -->
        <test-method signature="addNewExpenseFromHomeScreen(java.lang.String, java.lang.String)[pri:1, instance:test.monefy.TestMonefyApp@272ed83b]" started-at="2021-09-04T12:00:22 IST" name="addNewExpenseFromHomeScreen" finished-at="2021-09-04T12:00:28 IST" duration-ms="5494" status="PASS">
          <params>
            <param index="0">
              <value>
                <![CDATA[65.25]]>
              </value>
            </param>
            <param index="1">
              <value>
                <![CDATA[house]]>
              </value>
            </param>
          </params>
          <reporter-output>
          </reporter-output>
        </test-method> <!-- addNewExpenseFromHomeScreen -->
        <test-method signature="addNewExpenseFromExpenseButton(java.lang.String, java.lang.String)[pri:2, instance:test.monefy.TestMonefyApp@272ed83b]" started-at="2021-09-04T12:00:28 IST" name="addNewExpenseFromExpenseButton" finished-at="2021-09-04T12:00:38 IST" duration-ms="10182" status="PASS">
          <params>
            <param index="0">
              <value>
                <![CDATA[15.35]]>
              </value>
            </param>
            <param index="1">
              <value>
                <![CDATA[bills]]>
              </value>
            </param>
          </params>
          <reporter-output>
          </reporter-output>
        </test-method> <!-- addNewExpenseFromExpenseButton -->
        <test-method signature="validateBalanceCalculation()[pri:3, instance:test.monefy.TestMonefyApp@272ed83b]" started-at="2021-09-04T12:00:38 IST" name="validateBalanceCalculation" finished-at="2021-09-04T12:00:44 IST" duration-ms="5972" status="PASS">
          <reporter-output>
          </reporter-output>
        </test-method> <!-- validateBalanceCalculation -->
        <test-method signature="validateIncomeAndExpenseHomeScreen(java.lang.String, java.lang.String, java.lang.String)[pri:4, instance:test.monefy.TestMonefyApp@272ed83b]" started-at="2021-09-04T12:00:44 IST" name="validateIncomeAndExpenseHomeScreen" finished-at="2021-09-04T12:00:44 IST" duration-ms="186" status="PASS">
          <params>
            <param index="0">
              <value>
                <![CDATA[75.50]]>
              </value>
            </param>
            <param index="1">
              <value>
                <![CDATA[65.25]]>
              </value>
            </param>
            <param index="2">
              <value>
                <![CDATA[15.35]]>
              </value>
            </param>
          </params>
          <reporter-output>
          </reporter-output>
        </test-method> <!-- validateIncomeAndExpenseHomeScreen -->
        <test-method is-config="true" signature="tearDown()[pri:0, instance:test.monefy.TestMonefyApp@272ed83b]" started-at="2021-09-04T12:00:44 IST" name="tearDown" finished-at="2021-09-04T12:00:45 IST" duration-ms="516" status="PASS">
          <reporter-output>
          </reporter-output>
        </test-method> <!-- tearDown -->
        <test-method is-config="true" signature="globalTearDown()[pri:0, instance:test.monefy.TestMonefyApp@272ed83b]" started-at="2021-09-04T12:00:45 IST" name="globalTearDown" finished-at="2021-09-04T12:00:45 IST" duration-ms="0" status="PASS">
          <reporter-output>
          </reporter-output>
        </test-method> <!-- globalTearDown -->
      </class> <!-- test.monefy.TestMonefyApp -->
    </test> <!-- Monefy App Testing Run 2 -->
  </suite> <!-- Monefy App Test Suite -->
</testng-results>
